[     154ms] TypeError: Cannot read properties of undefined (reading 'onFileChange')
    at http://localhost:5173/src/hooks/useFiles.ts:34:52
    at Object.react_stack_bottom_frame (http://localhost:5173/@fs/Users/yiliu/repos/collaborator/node_modules/.vite/deps/chunk-MQD2PVG2.js?v=18dbbb72:18567:20)
    at runWithFiberInDEV (http://localhost:5173/@fs/Users/yiliu/repos/collaborator/node_modules/.vite/deps/chunk-MQD2PVG2.js?v=18dbbb72:997:72)
    at commitHookEffectListMount (http://localhost:5173/@fs/Users/yiliu/repos/collaborator/node_modules/.vite/deps/chunk-MQD2PVG2.js?v=18dbbb72:9411:163)
    at commitHookPassiveMountEffects (http://localhost:5173/@fs/Users/yiliu/repos/collaborator/node_modules/.vite/deps/chunk-MQD2PVG2.js?v=18dbbb72:9465:60)
    at commitPassiveMountOnFiber (http://localhost:5173/@fs/Users/yiliu/repos/collaborator/node_modules/.vite/deps/chunk-MQD2PVG2.js?v=18dbbb72:11040:29)
    at recursivelyTraversePassiveMountEffects (http://localhost:5173/@fs/Users/yiliu/repos/collaborator/node_modules/.vite/deps/chunk-MQD2PVG2.js?v=18dbbb72:11010:13)
    at commitPassiveMountOnFiber (http://localhost:5173/@fs/Users/yiliu/repos/collaborator/node_modules/.vite/deps/chunk-MQD2PVG2.js?v=18dbbb72:11201:13)
    at recursivelyTraversePassiveMountEffects (http://localhost:5173/@fs/Users/yiliu/repos/collaborator/node_modules/.vite/deps/chunk-MQD2PVG2.js?v=18dbbb72:11010:13)
    at commitPassiveMountOnFiber (http://localhost:5173/@fs/Users/yiliu/repos/collaborator/node_modules/.vite/deps/chunk-MQD2PVG2.js?v=18dbbb72:11066:13)
[     154ms] [WARNING] %s

%s
 An error occurred in the <App> component. Consider adding an error boundary to your tree to customize error handling behavior.
Visit https://react.dev/link/error-boundaries to learn more about error boundaries. @ http://localhost:5173/@fs/Users/yiliu/repos/collaborator/node_modules/.vite/deps/chunk-MQD2PVG2.js?v=18dbbb72:6965
[     156ms] TypeError: Cannot read properties of undefined (reading 'onFileChange')
    at http://localhost:5173/src/hooks/useFiles.ts:34:52
    at Object.react_stack_bottom_frame (http://localhost:5173/@fs/Users/yiliu/repos/collaborator/node_modules/.vite/deps/chunk-MQD2PVG2.js?v=18dbbb72:18567:20)
    at runWithFiberInDEV (http://localhost:5173/@fs/Users/yiliu/repos/collaborator/node_modules/.vite/deps/chunk-MQD2PVG2.js?v=18dbbb72:997:72)
    at commitHookEffectListMount (http://localhost:5173/@fs/Users/yiliu/repos/collaborator/node_modules/.vite/deps/chunk-MQD2PVG2.js?v=18dbbb72:9411:163)
    at commitHookPassiveMountEffects (http://localhost:5173/@fs/Users/yiliu/repos/collaborator/node_modules/.vite/deps/chunk-MQD2PVG2.js?v=18dbbb72:9465:60)
    at reconnectPassiveEffects (http://localhost:5173/@fs/Users/yiliu/repos/collaborator/node_modules/.vite/deps/chunk-MQD2PVG2.js?v=18dbbb72:11273:13)
    at recursivelyTraverseReconnectPassiveEffects (http://localhost:5173/@fs/Users/yiliu/repos/collaborator/node_modules/.vite/deps/chunk-MQD2PVG2.js?v=18dbbb72:11240:11)
    at reconnectPassiveEffects (http://localhost:5173/@fs/Users/yiliu/repos/collaborator/node_modules/.vite/deps/chunk-MQD2PVG2.js?v=18dbbb72:11317:13)
    at doubleInvokeEffectsOnFiber (http://localhost:5173/@fs/Users/yiliu/repos/collaborator/node_modules/.vite/deps/chunk-MQD2PVG2.js?v=18dbbb72:13339:135)
    at runWithFiberInDEV (http://localhost:5173/@fs/Users/yiliu/repos/collaborator/node_modules/.vite/deps/chunk-MQD2PVG2.js?v=18dbbb72:997:72)
[     155ms] [WARNING] %s

%s
 An error occurred in the <App> component. Consider adding an error boundary to your tree to customize error handling behavior.
Visit https://react.dev/link/error-boundaries to learn more about error boundaries. @ http://localhost:5173/@fs/Users/yiliu/repos/collaborator/node_modules/.vite/deps/chunk-MQD2PVG2.js?v=18dbbb72:6965
[     157ms] TypeError: Cannot read properties of undefined (reading 'listLocalFiles')
    at http://localhost:5173/src/hooks/useFiles.ts:8:45
    at http://localhost:5173/src/hooks/useFiles.ts:30:5
    at Object.react_stack_bottom_frame (http://localhost:5173/@fs/Users/yiliu/repos/collaborator/node_modules/.vite/deps/chunk-MQD2PVG2.js?v=18dbbb72:18567:20)
    at runWithFiberInDEV (http://localhost:5173/@fs/Users/yiliu/repos/collaborator/node_modules/.vite/deps/chunk-MQD2PVG2.js?v=18dbbb72:997:72)
    at commitHookEffectListMount (http://localhost:5173/@fs/Users/yiliu/repos/collaborator/node_modules/.vite/deps/chunk-MQD2PVG2.js?v=18dbbb72:9411:163)
    at commitHookPassiveMountEffects (http://localhost:5173/@fs/Users/yiliu/repos/collaborator/node_modules/.vite/deps/chunk-MQD2PVG2.js?v=18dbbb72:9465:60)
    at commitPassiveMountOnFiber (http://localhost:5173/@fs/Users/yiliu/repos/collaborator/node_modules/.vite/deps/chunk-MQD2PVG2.js?v=18dbbb72:11040:29)
    at recursivelyTraversePassiveMountEffects (http://localhost:5173/@fs/Users/yiliu/repos/collaborator/node_modules/.vite/deps/chunk-MQD2PVG2.js?v=18dbbb72:11010:13)
    at commitPassiveMountOnFiber (http://localhost:5173/@fs/Users/yiliu/repos/collaborator/node_modules/.vite/deps/chunk-MQD2PVG2.js?v=18dbbb72:11201:13)
    at recursivelyTraversePassiveMountEffects (http://localhost:5173/@fs/Users/yiliu/repos/collaborator/node_modules/.vite/deps/chunk-MQD2PVG2.js?v=18dbbb72:11010:13)
[     157ms] TypeError: Cannot read properties of undefined (reading 'listRemoteFiles')
    at http://localhost:5173/src/hooks/useFiles.ts:12:45
    at http://localhost:5173/src/hooks/useFiles.ts:31:5
    at Object.react_stack_bottom_frame (http://localhost:5173/@fs/Users/yiliu/repos/collaborator/node_modules/.vite/deps/chunk-MQD2PVG2.js?v=18dbbb72:18567:20)
    at runWithFiberInDEV (http://localhost:5173/@fs/Users/yiliu/repos/collaborator/node_modules/.vite/deps/chunk-MQD2PVG2.js?v=18dbbb72:997:72)
    at commitHookEffectListMount (http://localhost:5173/@fs/Users/yiliu/repos/collaborator/node_modules/.vite/deps/chunk-MQD2PVG2.js?v=18dbbb72:9411:163)
    at commitHookPassiveMountEffects (http://localhost:5173/@fs/Users/yiliu/repos/collaborator/node_modules/.vite/deps/chunk-MQD2PVG2.js?v=18dbbb72:9465:60)
    at commitPassiveMountOnFiber (http://localhost:5173/@fs/Users/yiliu/repos/collaborator/node_modules/.vite/deps/chunk-MQD2PVG2.js?v=18dbbb72:11040:29)
    at recursivelyTraversePassiveMountEffects (http://localhost:5173/@fs/Users/yiliu/repos/collaborator/node_modules/.vite/deps/chunk-MQD2PVG2.js?v=18dbbb72:11010:13)
    at commitPassiveMountOnFiber (http://localhost:5173/@fs/Users/yiliu/repos/collaborator/node_modules/.vite/deps/chunk-MQD2PVG2.js?v=18dbbb72:11201:13)
    at recursivelyTraversePassiveMountEffects (http://localhost:5173/@fs/Users/yiliu/repos/collaborator/node_modules/.vite/deps/chunk-MQD2PVG2.js?v=18dbbb72:11010:13)
[     157ms] TypeError: Cannot read properties of undefined (reading 'listLocalFiles')
    at http://localhost:5173/src/hooks/useFiles.ts:8:45
    at http://localhost:5173/src/hooks/useFiles.ts:30:5
    at Object.react_stack_bottom_frame (http://localhost:5173/@fs/Users/yiliu/repos/collaborator/node_modules/.vite/deps/chunk-MQD2PVG2.js?v=18dbbb72:18567:20)
    at runWithFiberInDEV (http://localhost:5173/@fs/Users/yiliu/repos/collaborator/node_modules/.vite/deps/chunk-MQD2PVG2.js?v=18dbbb72:997:72)
    at commitHookEffectListMount (http://localhost:5173/@fs/Users/yiliu/repos/collaborator/node_modules/.vite/deps/chunk-MQD2PVG2.js?v=18dbbb72:9411:163)
    at commitHookPassiveMountEffects (http://localhost:5173/@fs/Users/yiliu/repos/collaborator/node_modules/.vite/deps/chunk-MQD2PVG2.js?v=18dbbb72:9465:60)
    at reconnectPassiveEffects (http://localhost:5173/@fs/Users/yiliu/repos/collaborator/node_modules/.vite/deps/chunk-MQD2PVG2.js?v=18dbbb72:11273:13)
    at recursivelyTraverseReconnectPassiveEffects (http://localhost:5173/@fs/Users/yiliu/repos/collaborator/node_modules/.vite/deps/chunk-MQD2PVG2.js?v=18dbbb72:11240:11)
    at reconnectPassiveEffects (http://localhost:5173/@fs/Users/yiliu/repos/collaborator/node_modules/.vite/deps/chunk-MQD2PVG2.js?v=18dbbb72:11317:13)
    at doubleInvokeEffectsOnFiber (http://localhost:5173/@fs/Users/yiliu/repos/collaborator/node_modules/.vite/deps/chunk-MQD2PVG2.js?v=18dbbb72:13339:135)
[     158ms] TypeError: Cannot read properties of undefined (reading 'listRemoteFiles')
    at http://localhost:5173/src/hooks/useFiles.ts:12:45
    at http://localhost:5173/src/hooks/useFiles.ts:31:5
    at Object.react_stack_bottom_frame (http://localhost:5173/@fs/Users/yiliu/repos/collaborator/node_modules/.vite/deps/chunk-MQD2PVG2.js?v=18dbbb72:18567:20)
    at runWithFiberInDEV (http://localhost:5173/@fs/Users/yiliu/repos/collaborator/node_modules/.vite/deps/chunk-MQD2PVG2.js?v=18dbbb72:997:72)
    at commitHookEffectListMount (http://localhost:5173/@fs/Users/yiliu/repos/collaborator/node_modules/.vite/deps/chunk-MQD2PVG2.js?v=18dbbb72:9411:163)
    at commitHookPassiveMountEffects (http://localhost:5173/@fs/Users/yiliu/repos/collaborator/node_modules/.vite/deps/chunk-MQD2PVG2.js?v=18dbbb72:9465:60)
    at reconnectPassiveEffects (http://localhost:5173/@fs/Users/yiliu/repos/collaborator/node_modules/.vite/deps/chunk-MQD2PVG2.js?v=18dbbb72:11273:13)
    at recursivelyTraverseReconnectPassiveEffects (http://localhost:5173/@fs/Users/yiliu/repos/collaborator/node_modules/.vite/deps/chunk-MQD2PVG2.js?v=18dbbb72:11240:11)
    at reconnectPassiveEffects (http://localhost:5173/@fs/Users/yiliu/repos/collaborator/node_modules/.vite/deps/chunk-MQD2PVG2.js?v=18dbbb72:11317:13)
    at doubleInvokeEffectsOnFiber (http://localhost:5173/@fs/Users/yiliu/repos/collaborator/node_modules/.vite/deps/chunk-MQD2PVG2.js?v=18dbbb72:13339:135)
[     156ms] [ERROR] Failed to load resource: the server responded with a status of 404 (Not Found) @ http://localhost:5173/favicon.ico:0
